

***********************************************************************
Fatal NI connect error 12560, connecting to:
 (DESCRIPTION=(ADDRESS=(PROTOCOL=BEQ)(PROGRAM=oracle)(ARGV0=oracleXE)(ARGS='(DESCRIPTION=(LOCAL=YES)(ADDRESS=(PROTOCOL=beq)))'))(CONNECT_DATA=(SID=XE)(CID=(PROGRAM=C:\oraclexe\app\oracle\product\10.2.0\server\bin\sqlplus.exe)(HOST=KAUSHIK-PC)(USER=kaushik))))

  VERSION INFORMATION:
	TNS for 32-bit Windows: Version 10.2.0.1.0 - Production
	Oracle Bequeath NT Protocol Adapter for 32-bit Windows: Version 10.2.0.1.0 - Production
  Time: 15-MAY-2013 11:39:31
  Tracing not turned on.
  Tns error struct:
    ns main err code: 12560
    TNS-12560: TNS:protocol adapter error
    ns secondary err code: 0
    nt main err code: 530
    TNS-00530: Protocol adapter error
    nt secondary err code: 2
    nt OS err code: 0


***********************************************************************
Fatal NI connect error 12560, connecting to:
 (DESCRIPTION=(ADDRESS=(PROTOCOL=BEQ)(PROGRAM=oracle)(ARGV0=oracleXE)(ARGS='(DESCRIPTION=(LOCAL=YES)(ADDRESS=(PROTOCOL=beq)))'))(CONNECT_DATA=(SID=XE)(CID=(PROGRAM=C:\oraclexe\app\oracle\product\10.2.0\server\bin\sqlplus.exe)(HOST=KAUSHIK-PC)(USER=kaushik))))

  VERSION INFORMATION:
	TNS for 32-bit Windows: Version 10.2.0.1.0 - Production
	Oracle Bequeath NT Protocol Adapter for 32-bit Windows: Version 10.2.0.1.0 - Production
  Time: 15-MAY-2013 11:39:38
  Tracing not turned on.
  Tns error struct:
    ns main err code: 12560
    TNS-12560: TNS:protocol adapter error
    ns secondary err code: 0
    nt main err code: 530
    TNS-00530: Protocol adapter error
    nt secondary err code: 2
    nt OS err code: 0


***********************************************************************
Fatal NI connect error 12560, connecting to:
 (DESCRIPTION=(ADDRESS=(PROTOCOL=BEQ)(PROGRAM=oracle)(ARGV0=oracleXE)(ARGS='(DESCRIPTION=(LOCAL=YES)(ADDRESS=(PROTOCOL=beq)))'))(CONNECT_DATA=(SID=XE)(CID=(PROGRAM=C:\oraclexe\app\oracle\product\10.2.0\server\bin\sqlplus.exe)(HOST=KAUSHIK-PC)(USER=kaushik))))

  VERSION INFORMATION:
	TNS for 32-bit Windows: Version 10.2.0.1.0 - Production
	Oracle Bequeath NT Protocol Adapter for 32-bit Windows: Version 10.2.0.1.0 - Production
  Time: 15-MAY-2013 11:39:52
  Tracing not turned on.
  Tns error struct:
    ns main err code: 12560
    TNS-12560: TNS:protocol adapter error
    ns secondary err code: 0
    nt main err code: 530
    TNS-00530: Protocol adapter error
    nt secondary err code: 2
    nt OS err code: 0


***********************************************************************
Fatal NI connect error 12560, connecting to:
 (DESCRIPTION=(ADDRESS=(PROTOCOL=BEQ)(PROGRAM=oracle)(ARGV0=oracleXE)(ARGS='(DESCRIPTION=(LOCAL=YES)(ADDRESS=(PROTOCOL=beq)))'))(CONNECT_DATA=(SID=XE)(CID=(PROGRAM=C:\oraclexe\app\oracle\product\10.2.0\server\bin\sqlplus.exe)(HOST=KAUSHIK-PC)(USER=kaushik))))

  VERSION INFORMATION:
	TNS for 32-bit Windows: Version 10.2.0.1.0 - Production
	Oracle Bequeath NT Protocol Adapter for 32-bit Windows: Version 10.2.0.1.0 - Production
  Time: 15-MAY-2013 11:39:58
  Tracing not turned on.
  Tns error struct:
    ns main err code: 12560
    TNS-12560: TNS:protocol adapter error
    ns secondary err code: 0
    nt main err code: 530
    TNS-00530: Protocol adapter error
    nt secondary err code: 2
    nt OS err code: 0


***********************************************************************
Fatal NI connect error 12560, connecting to:
 (DESCRIPTION=(ADDRESS=(PROTOCOL=BEQ)(PROGRAM=oracle)(ARGV0=oracleXE)(ARGS='(DESCRIPTION=(LOCAL=YES)(ADDRESS=(PROTOCOL=beq)))'))(CONNECT_DATA=(SID=XE)(CID=(PROGRAM=C:\oraclexe\app\oracle\product\10.2.0\server\bin\sqlplus.exe)(HOST=KAUSHIK-PC)(USER=kaushik))))

  VERSION INFORMATION:
	TNS for 32-bit Windows: Version 10.2.0.1.0 - Production
	Oracle Bequeath NT Protocol Adapter for 32-bit Windows: Version 10.2.0.1.0 - Production
  Time: 15-MAY-2013 11:45:01
  Tracing not turned on.
  Tns error struct:
    ns main err code: 12560
    TNS-12560: TNS:protocol adapter error
    ns secondary err code: 0
    nt main err code: 530
    TNS-00530: Protocol adapter error
    nt secondary err code: 2
    nt OS err code: 0


***********************************************************************
Fatal NI connect error 12560, connecting to:
 (DESCRIPTION=(ADDRESS=(PROTOCOL=BEQ)(PROGRAM=oracle)(ARGV0=oracleXE)(ARGS='(DESCRIPTION=(LOCAL=YES)(ADDRESS=(PROTOCOL=beq)))'))(CONNECT_DATA=(SID=XE)(CID=(PROGRAM=C:\oraclexe\app\oracle\product\10.2.0\server\bin\sqlplus.exe)(HOST=KAUSHIK-PC)(USER=kaushik))))

  VERSION INFORMATION:
	TNS for 32-bit Windows: Version 10.2.0.1.0 - Production
	Oracle Bequeath NT Protocol Adapter for 32-bit Windows: Version 10.2.0.1.0 - Production
  Time: 15-MAY-2013 11:45:47
  Tracing not turned on.
  Tns error struct:
    ns main err code: 12560
    TNS-12560: TNS:protocol adapter error
    ns secondary err code: 0
    nt main err code: 530
    TNS-00530: Protocol adapter error
    nt secondary err code: 2
    nt OS err code: 0


***********************************************************************
Fatal NI connect error 12560, connecting to:
 (DESCRIPTION=(ADDRESS=(PROTOCOL=BEQ)(PROGRAM=oracle)(ARGV0=oracleXE)(ARGS='(DESCRIPTION=(LOCAL=YES)(ADDRESS=(PROTOCOL=beq)))'))(CONNECT_DATA=(SID=XE)(CID=(PROGRAM=C:\oraclexe\app\oracle\product\10.2.0\server\bin\sqlplus.exe)(HOST=KAUSHIK-PC)(USER=kaushik))))

  VERSION INFORMATION:
	TNS for 32-bit Windows: Version 10.2.0.1.0 - Production
	Oracle Bequeath NT Protocol Adapter for 32-bit Windows: Version 10.2.0.1.0 - Production
  Time: 15-MAY-2013 11:51:59
  Tracing not turned on.
  Tns error struct:
    ns main err code: 12560
    TNS-12560: TNS:protocol adapter error
    ns secondary err code: 0
    nt main err code: 530
    TNS-00530: Protocol adapter error
    nt secondary err code: 2
    nt OS err code: 0


***********************************************************************
Fatal NI connect error 12560, connecting to:
 (DESCRIPTION=(ADDRESS=(PROTOCOL=BEQ)(PROGRAM=oracle)(ARGV0=oracleXE)(ARGS='(DESCRIPTION=(LOCAL=YES)(ADDRESS=(PROTOCOL=beq)))'))(CONNECT_DATA=(SID=XE)(CID=(PROGRAM=C:\oraclexe\app\oracle\product\10.2.0\server\bin\sqlplus.exe)(HOST=KAUSHIK-PC)(USER=kaushik))))

  VERSION INFORMATION:
	TNS for 32-bit Windows: Version 10.2.0.1.0 - Production
	Oracle Bequeath NT Protocol Adapter for 32-bit Windows: Version 10.2.0.1.0 - Production
  Time: 15-MAY-2013 11:52:29
  Tracing not turned on.
  Tns error struct:
    ns main err code: 12560
    TNS-12560: TNS:protocol adapter error
    ns secondary err code: 0
    nt main err code: 530
    TNS-00530: Protocol adapter error
    nt secondary err code: 2
    nt OS err code: 0


***********************************************************************
Fatal NI connect error 12560, connecting to:
 (DESCRIPTION=(ADDRESS=(PROTOCOL=BEQ)(PROGRAM=oracle)(ARGV0=oracleXE)(ARGS='(DESCRIPTION=(LOCAL=YES)(ADDRESS=(PROTOCOL=beq)))'))(CONNECT_DATA=(SID=XE)(CID=(PROGRAM=C:\oraclexe\app\oracle\product\10.2.0\server\bin\sqlplus.exe)(HOST=KAUSHIK-PC)(USER=kaushik))))

  VERSION INFORMATION:
	TNS for 32-bit Windows: Version 10.2.0.1.0 - Production
	Oracle Bequeath NT Protocol Adapter for 32-bit Windows: Version 10.2.0.1.0 - Production
  Time: 15-MAY-2013 11:52:41
  Tracing not turned on.
  Tns error struct:
    ns main err code: 12560
    TNS-12560: TNS:protocol adapter error
    ns secondary err code: 0
    nt main err code: 530
    TNS-00530: Protocol adapter error
    nt secondary err code: 2
    nt OS err code: 0
